# JRE version: Java(TM) SE Runtime Environment (8.0_31-b13) (build 1.8.0_31-b13)
# Java VM: Java HotSpot(TM) Client VM (25.31-b07 mixed mode, sharing windows-x86 )
Heap:
 def new generation   total 78656K, used 1951K [0x04800000, 0x09d50000, 0x09d50000)
  eden space 69952K,   2% used [0x04800000, 0x049e7fc0, 0x08c50000)
  from space 8704K,   0% used [0x08c50000, 0x08c50000, 0x094d0000)
  to   space 8704K,   0% used [0x094d0000, 0x094d0000, 0x09d50000)
 tenured generation   total 174784K, used 106613K [0x09d50000, 0x14800000, 0x14800000)
   the space 174784K,  60% used [0x09d50000, 0x1056d6b8, 0x1056d800, 0x14800000)
 Metaspace       used 29421K, capacity 29669K, committed 29696K, reserved 30080K
GC Heap History (10 events):
Event: 29.498 GC heap before
{Heap before GC invocations=30 (full 2):
 def new generation   total 6208K, used 5907K [0x04800000, 0x04eb0000, 0x09d50000)
  eden space 5568K,  94% used [0x04800000, 0x04d24d68, 0x04d70000)
  from space 640K, 100% used [0x04d70000, 0x04e10000, 0x04e10000)
  to   space 640K,   0% used [0x04e10000, 0x04e10000, 0x04eb0000)
 tenured generation   total 111340K, used 105975K [0x09d50000, 0x10a0b000, 0x14800000)
   the space 111340K,  95% used [0x09d50000, 0x104cddc8, 0x104cde00, 0x10a0b000)
 Metaspace       used 8842K, capacity 9050K, committed 9088K, reserved 9600K
Event: 29.506 GC heap after
Heap after GC invocations=31 (full 2):
 def new generation   total 6208K, used 510K [0x04800000, 0x04eb0000, 0x09d50000)
  eden space 5568K,   0% used [0x04800000, 0x04800000, 0x04d70000)
  from space 640K,  79% used [0x04e10000, 0x04e8f910, 0x04eb0000)
  to   space 640K,   0% used [0x04d70000, 0x04d70000, 0x04e10000)
 tenured generation   total 111340K, used 106605K [0x09d50000, 0x10a0b000, 0x14800000)
   the space 111340K,  95% used [0x09d50000, 0x1056b570, 0x1056b600, 0x10a0b000)
 Metaspace       used 8842K, capacity 9050K, committed 9088K, reserved 9600K
}
Event: 29.819 GC heap before
{Heap before GC invocations=31 (full 2):
 def new generation   total 6208K, used 1907K [0x04800000, 0x04eb0000, 0x09d50000)
  eden space 5568K,  25% used [0x04800000, 0x0495d310, 0x04d70000)
  from space 640K,  79% used [0x04e10000, 0x04e8f910, 0x04eb0000)
  to   space 640K,   0% used [0x04d70000, 0x04d70000, 0x04e10000)
 tenured generation   total 111340K, used 106605K [0x09d50000, 0x10a0b000, 0x14800000)
   the space 111340K,  95% used [0x09d50000, 0x1056b570, 0x1056b600, 0x10a0b000)
 Metaspace       used 12961K, capacity 13193K, committed 13228K, reserved 13696K
Event: 29.853 GC heap after
Heap after GC invocations=32 (full 3):
 def new generation   total 78656K, used 0K [0x04800000, 0x09d50000, 0x09d50000)
  eden space 69952K,   0% used [0x04800000, 0x04800000, 0x08c50000)
  from space 8704K,   0% used [0x08c50000, 0x08c50000, 0x094d0000)
  to   space 8704K,   0% used [0x094d0000, 0x094d0000, 0x09d50000)
 tenured generation   total 174784K, used 108223K [0x09d50000, 0x14800000, 0x14800000)
   the space 174784K,  61% used [0x09d50000, 0x106ffe80, 0x10700000, 0x14800000)
 Metaspace       used 12961K, capacity 13193K, committed 13228K, reserved 13696K
}
Event: 38.340 GC heap before
{Heap before GC invocations=32 (full 3):
 def new generation   total 78656K, used 25554K [0x04800000, 0x09d50000, 0x09d50000)
  eden space 69952K,  36% used [0x04800000, 0x060f48c0, 0x08c50000)
  from space 8704K,   0% used [0x08c50000, 0x08c50000, 0x094d0000)
  to   space 8704K,   0% used [0x094d0000, 0x094d0000, 0x09d50000)
 tenured generation   total 174784K, used 108223K [0x09d50000, 0x14800000, 0x14800000)
   the space 174784K,  61% used [0x09d50000, 0x106ffe80, 0x10700000, 0x14800000)
 Metaspace       used 21790K, capacity 22025K, committed 22048K, reserved 22912K
Event: 38.441 GC heap after
Heap after GC invocations=33 (full 4):
 def new generation   total 78656K, used 0K [0x04800000, 0x09d50000, 0x09d50000)
  eden space 69952K,   0% used [0x04800000, 0x04800000, 0x08c50000)
  from space 8704K,   0% used [0x08c50000, 0x08c50000, 0x094d0000)
  to   space 8704K,   0% used [0x094d0000, 0x094d0000, 0x09d50000)
 tenured generation   total 174784K, used 117362K [0x09d50000, 0x14800000, 0x14800000)
   the space 174784K,  67% used [0x09d50000, 0x10fecae8, 0x10fecc00, 0x14800000)
 Metaspace       used 21789K, capacity 22023K, committed 22048K, reserved 22912K
}
Event: 38.805 GC heap before
{Heap before GC invocations=33 (full 4):
 def new generation   total 78656K, used 1699K [0x04800000, 0x09d50000, 0x09d50000)
  eden space 69952K,   2% used [0x04800000, 0x049a8f58, 0x08c50000)
  from space 8704K,   0% used [0x08c50000, 0x08c50000, 0x094d0000)
  to   space 8704K,   0% used [0x094d0000, 0x094d0000, 0x09d50000)
 tenured generation   total 174784K, used 117362K [0x09d50000, 0x14800000, 0x14800000)
   the space 174784K,  67% used [0x09d50000, 0x10fecae8, 0x10fecc00, 0x14800000)
 Metaspace       used 21954K, capacity 22183K, committed 22304K, reserved 22912K
Event: 38.836 GC heap after
Heap after GC invocations=34 (full 5):
 def new generation   total 78656K, used 0K [0x04800000, 0x09d50000, 0x09d50000)
  eden space 69952K,   0% used [0x04800000, 0x04800000, 0x08c50000)
  from space 8704K,   0% used [0x08c50000, 0x08c50000, 0x094d0000)
  to   space 8704K,   0% used [0x094d0000, 0x094d0000, 0x09d50000)
 tenured generation   total 174784K, used 117386K [0x09d50000, 0x14800000, 0x14800000)
   the space 174784K,  67% used [0x09d50000, 0x10ff2860, 0x10ff2a00, 0x14800000)
 Metaspace       used 21954K, capacity 22183K, committed 22304K, reserved 22912K
}
Event: 41.347 GC heap before
{Heap before GC invocations=34 (full 5):
 def new generation   total 78656K, used 6096K [0x04800000, 0x09d50000, 0x09d50000)
  eden space 69952K,   8% used [0x04800000, 0x04df4158, 0x08c50000)
  from space 8704K,   0% used [0x08c50000, 0x08c50000, 0x094d0000)
  to   space 8704K,   0% used [0x094d0000, 0x094d0000, 0x09d50000)
 tenured generation   total 174784K, used 117386K [0x09d50000, 0x14800000, 0x14800000)
   the space 174784K,  67% used [0x09d50000, 0x10ff2860, 0x10ff2a00, 0x14800000)
 Metaspace       used 29411K, capacity 29639K, committed 29696K, reserved 30080K
Event: 41.386 GC heap after
Heap after GC invocations=35 (full 6):
 def new generation   total 78656K, used 0K [0x04800000, 0x09d50000, 0x09d50000)
  eden space 69952K,   0% used [0x04800000, 0x04800000, 0x08c50000)
  from space 8704K,   0% used [0x08c50000, 0x08c50000, 0x094d0000)
  to   space 8704K,   0% used [0x094d0000, 0x094d0000, 0x09d50000)
 tenured generation   total 174784K, used 106613K [0x09d50000, 0x14800000, 0x14800000)
   the space 174784K,  60% used [0x09d50000, 0x1056d6b8, 0x1056d800, 0x14800000)
 Metaspace       used 29405K, capacity 29632K, committed 29696K, reserved 30080K
}

